Mew
 =>raiz  dir esq dir esq dir esq dirNAO
Charmander
 =>raiz  dir esq esq esq dir dirNAO
Squirtle
 =>raiz  dir dir esq esq esq dirNAO
Pikachu
 =>raiz  dir esq dir dir esq esq dir esq dirNAO
Jigglypuff
 =>raiz  dir esq dir esq esq dir esq dirNAO
Poliwag
 =>raiz  dir esq dir dir esq esq dir esq dirNAO
Meowth
 =>raiz  dir esq dir esq dir esq esqNAO
Scyther
 =>raiz  dir esq dir dir dir dir dirNAO
Chikorita
 =>raiz  dir esq esq esq dir dirNAO
Totodile
 =>raiz  dir dir esq dir esq dir esq dir dir esqNAO
Ditto
 =>raiz  dir esq dir esq esq esq dir esq esq esq esqNAO
Togepi
 =>raiz  dir dir esq dir esq dir esq dir dir esqNAO
Ampharos
 =>raiz  dir esq esq esq esq esqNAO
Misdreavus
 =>raiz  dir esq dir esq dir esq dirNAO
Houndour
 =>raiz  dir esq dir esq esq dir esq esqNAO
Treecko
 =>raiz  dir dir esq dir esq dir dir esqNAO
Tyranitar
 =>raiz  dir dir esq dir esq dir dir dir esqNAO
Mudkip
 =>raiz  dir esq dir esq dir esq dirNAO
Ralts
 =>raiz  dir esq dir dir dir esqNAO
Shinx
 =>raiz  dir esq dir dir dir dir dirNAO
Gible
 =>raiz  dir esq dir esq esq esq dir dir dirNAO
Snivy
 =>raiz  dir esq dir dir dir dir dirNAO
Tepig
 =>raiz  dir dir esq dir esq dir esq esq esqNAO
Froakie
 =>raiz  dir esq dir esq esq esq dir dir dirNAO
Rowlet
 =>raiz  dir esq dir dir dir dir dirNAO
